<?xml version="1.0" encoding="UTF-8"?>
<?xml-stylesheet type="text/xsl" href="junit.xsl"?>
<testsuites>
  <meta_test_info page_active="no-links" link_url=""/>
  <testsuite name="pre_suite" tests="1" errors="1" failures="0" skipped="0" pending="0" total="2" time="0.010325">
    <properties>
[...]
</properties>
    <testcase classname="acceptance/pre-suite" name="01_install_rototiller.rb" time="0.009558">
      <failure type="error" message="cannot infer basepath"><![CDATA[acceptance/pre-suite/01_install_rototiller.rb:1:in `require_relative'\nacceptance/pre-suite/01_install_rototiller.rb:1:in `block in run_test'\n/var/lib/jenkins/workspace/qe_rototiller_integration-system_master/LAYOUT/default/LDAP_TYPE/default/PLATFORM/default/SAUCE/default/label/beaker/vendor/bundler/ruby/1.9.1/gems/beaker-2.48.1/lib/beaker/test_case.rb:133:in `eval'\n/var/lib/jenkins/workspace/qe_rototiller_integration-system_master/LAYOUT/default/LDAP_TYPE/default/PLATFORM/default/SAUCE/default/label/beaker/vendor/bundler/ruby/1.9.1/gems/beaker-2.48.1/lib/beaker/test_case.rb:133:in `block in run_test'\n/usr/local/rvm/rubies/ruby-1.9.3-p484/lib/ruby/1.9.1/benchmark.rb:295:in `realtime'\n/var/lib/jenkins/workspace/qe_rototiller_integration-system_master/LAYOUT/default/LDAP_TYPE/default/PLATFORM/default/SAUCE/default/label/beaker/vendor/bundler/ruby/1.9.1/gems/beaker-2.48.1/lib/beaker/test_case.rb:130:in `run_test'\n/var/lib/jenkins/workspace/qe_rototiller_integration-system_master/LAYOUT/default/LDAP_TYPE/default/PLATFORM/default/SAUCE/default/label/beaker/vendor/bundler/ruby/1.9.1/gems/beaker-2.48.1/lib/beaker/test_suite.rb:325:in `block in run'\n/var/lib/jenkins/workspace/qe_rototiller_integration-system_master/LAYOUT/default/LDAP_TYPE/default/PLATFORM/default/SAUCE/default/label/beaker/vendor/bundler/ruby/1.9.1/gems/beaker-2.48.1/lib/beaker/test_suite.rb:322:in `each'\n/var/lib/jenkins/workspace/qe_rototiller_integration-system_master/LAYOUT/default/LDAP_TYPE/default/PLATFORM/default/SAUCE/default/label/beaker/vendor/bundler/ruby/1.9.1/gems/beaker-2.48.1/lib/beaker/test_suite.rb:322:in `run'\n/var/lib/jenkins/workspace/qe_rototiller_integration-system_master/LAYOUT/default/LDAP_TYPE/default/PLATFORM/default/SAUCE/default/label/beaker/vendor/bundler/ruby/1.9.1/gems/beaker-2.48.1/lib/beaker/test_suite.rb:371:in `run_and_raise_on_failure'\n/var/lib/jenkins/workspace/qe_rototiller_integration-system_master/LAYOUT/default/LDAP_TYPE/default/PLATFORM/default/SAUCE/default/label/beaker/vendor/bundler/ruby/1.9.1/gems/beaker-2.48.1/lib/beaker/cli.rb:172:in `run_suite'\n/var/lib/jenkins/workspace/qe_rototiller_integration-system_master/LAYOUT/default/LDAP_TYPE/default/PLATFORM/default/SAUCE/default/label/beaker/vendor/bundler/ruby/1.9.1/gems/beaker-2.48.1/lib/beaker/cli.rb:96:in `execute!'\n/var/lib/jenkins/workspace/qe_rototiller_integration-system_master/LAYOUT/default/LDAP_TYPE/default/PLATFORM/default/SAUCE/default/label/beaker/vendor/bundler/ruby/1.9.1/gems/beaker-2.48.1/bin/beaker:6:in `<top (required)>'\n/var/lib/jenkins/workspace/qe_rototiller_integration-system_master/LAYOUT/default/LDAP_TYPE/default/PLATFORM/default/SAUCE/default/label/beaker/vendor/bundler/ruby/1.9.1/bin/beaker:23:in `load'\n/var/lib/jenkins/workspace/qe_rototiller_integration-system_master/LAYOUT/default/LDAP_TYPE/default/PLATFORM/default/SAUCE/default/label/beaker/vendor/bundler/ruby/1.9.1/bin/beaker:23:in `<main>']]></failure>
      <system-out><![CDATA[LoadError: cannot infer basepath
/var/lib/jenkins/workspace/qe_rototiller_integration-system_master/LAYOUT/default/LDAP_TYPE/default/PLATFORM/default/SAUCE/default/label/beaker/acceptance/pre-suite/01_install_rototiller.rb:1
/var/lib/jenkins/workspace/qe_rototiller_integration-system_master/LAYOUT/default/LDAP_TYPE/default/PLATFORM/default/SAUCE/default/label/beaker/acceptance/pre-suite/01_install_rototiller.rb:1
/var/lib/jenkins/workspace/qe_rototiller_integration-system_master/LAYOUT/default/LDAP_TYPE/default/PLATFORM/default/SAUCE/default/label/beaker/vendor/bundler/ruby/1.9.1/gems/beaker-2.48.1/bin/beaker:6
Begin teardown
End teardown
]]></system-out>
    </testcase>
  </testsuite>
</testsuites>
