<?xml version="1.0" encoding="UTF-8"?>
<?xml-stylesheet type="text/xsl" href="junit.xsl"?>
<testsuites>
  <meta_test_info page_active="no-links" link_url=""/>
  <testsuite name="pre_suite" tests="1" errors="1" failures="0" skipped="0" pending="0" total="2" time="0.010325">
    <properties>
[...]
</properties>
    <testcase classname="acceptance/pre-suite" name="01_install_rototiller.rb" time="0.009558">
      <failure type="error" message="cannot infer basepath"><![CDATA[acceptance/pre-suite/01_install_rototiller.rb:1:in `require_relative'\nacceptance/pre-suite/01_install_rototiller.rb:1:in `block in run_test'\n/var/lib/jenkins/workspace/qe_rototiller_integration-system_master/LAYOUT/default/LDAP_TYPE/default/PLATFORM/default/SAUCE/default/label/beaker/vendor/bundler/ruby/1.9.1/gems/beaker-2.48.1/lib/beaker/test_case.rb:133:in `eval'\n/var/lib/jenkins/workspace/qe_rototiller_integration-system_master/LAYOUT/default/LDAP_TYPE/default/PLATFORM/default/SAUCE/default/label/beaker/vendor/bundler/ruby/1.9.1/gems/beaker-2.48.1/lib/beaker/test_case.rb:133:in `block in run_test'\n/usr/local/rvm/rubies/ruby-1.9.3-p484/lib/ruby/1.9.1/benchmark.rb:295:in]]></failure>
      <system-out><![CDATA[LoadError: cannot infer basepath
/var/lib/jenkins/workspace/qe_rototiller_integration-system_master/LAYOUT/default/LDAP_TYPE/default/PLATFORM/default/SAUCE/default/label/beaker/acceptance/pre-suite/01_install_rototiller.rb:1
/var/lib/jenkins/workspace/qe_rototiller_integration-system_master/LAYOUT/default/LDAP_TYPE/default/PLATFORM/default/SAUCE/default/label/beaker/acceptance/pre-suite/01_install_rototiller.rb:1
/var/lib/jenkins/workspace/qe_rototiller_integration-system_master/LAYOUT/default/LDAP_TYPE/default/PLATFORM/default/SAUCE/default/label/beaker/vendor/bundler/ruby/1.9.1/gems/beaker-2.48.1/bin/beaker:6
Begin teardown
End teardown
]]></system-out>
    </testcase>
    <testcase classname="acceptance/pre-suite" name="02_all_the_teeths.rb" time="6.011861">
      <system-out><![CDATA[localhost $ scp rototiller-0.1.0.gem centos7-64-1:/root {:ignore => }

ymj03nomhcv5qzv.delivery.puppetlabs.net (centos7-64-1) 11:13:25$ gem install rototiller-0.1.0.gem
  Successfully installed rake-0.9.6
  Successfully installed rototiller-0.1.0
  Parsing documentation for rake-0.9.6
  Installing ri documentation for rake-0.9.6
  Parsing documentation for rototiller-0.1.0
  Installing ri documentation for rototiller-0.1.0
  2 gems installed

ymj03nomhcv5qzv.delivery.puppetlabs.net (centos7-64-1) executed in 4.85 seconds
Begin teardown
End teardown
]]></system-out>
    </testcase>
  </testsuite>

<meta_test_info page_active="no-links" link_url=""/>
<testsuite name="tests" tests="9" errors="0" failures="0" skipped="0" pending="0" total="9" time="4.742046">
<properties>
[...]
</properties>
<testcase classname="acceptance/tests/rototillerTask" name="command_arguments_with_override.rb" time="0.567921"><system-out><![CDATA[
C97824: can set command arguments in a RototillerTask
Begin teardown
End teardown
]]></system-out></testcase>

    <testcase classname="/Users/samwoods/puppet_repos/pe-console-ui/acceptance/tests/nm/ui" name="PE_8777_from_the_gui_run_puppet_on_a_single_node.rb" time="140.984844">
      <failure type="fail" message="Expected: &quot;Unchanged&quot;&#10;  Actual: nil"><![CDATA[/Library/Ruby/Gems/2.0.0/gems/minitest-5.8.3/lib/minitest/assertions.rb:129:in `assert'\n/Library/Ruby/Gems/2.0.0/gems/minitest-5.8.3/lib/minitest/assertions.rb:163:in `assert_equal'\n/Users/samwoods/puppet_repos/pe-console-ui/acceptance/tests/nm/ui/PE_8777_from_the_gui_run_puppet_on_a_single_node.rb:26:in `block in run_test'\n/Library/Ruby/Gems/2.0.0/gems/beaker-2.29.1/lib/beaker/test_case.rb:128:in `eval'\n/Library/Ruby/Gems/2.0.0/gems/beaker-2.29.1/lib/beaker/test_case.rb:128:in `block in run_test'\n/System/Library/Frameworks/Ruby.framework/Versions/2.0/usr/lib/ruby/2.0.0/benchmark.rb:296:in `realtime'\n/Library/Ruby/Gems/2.0.0/gems/beaker-2.29.1/lib/beaker/test_case.rb:125:in `run_test'\n/Library/Ruby/Gems/2.0.0/gems/beaker-2.29.1/lib/beaker/test_suite.rb:311:in `block in run'\n/Library/Ruby/Gems/2.0.0/gems/beaker-2.29.1/lib/beaker/test_suite.rb:308:in `each'\n/Library/Ruby/Gems/2.0.0/gems/beaker-2.29.1/lib/beaker/test_suite.rb:308:in `run'\n/Library/Ruby/Gems/2.0.0/gems/beaker-2.29.1/lib/beaker/test_suite.rb:357:in `run_and_raise_on_failure'\n/Library/Ruby/Gems/2.0.0/gems/beaker-2.29.1/lib/beaker/cli.rb:159:in `run_suite'\n/Library/Ruby/Gems/2.0.0/gems/beaker-2.29.1/lib/beaker/cli.rb:99:in `execute!'\n/Library/Ruby/Gems/2.0.0/gems/beaker-2.29.1/bin/beaker:6:in `<top (required)>'\n/usr/bin/beaker:23:in `load'\n/usr/bin/beaker:23:in `<top (required)>'\n-e:1:in `load'\n-e:1:in `<main>']]></failure>
      <system-out><![CDATA[
PE_8777_from_the_gui_run_puppet_on_a_single_node

* log in
visiting 'LogInPage' at relative url ''
running tests on local machine
is_displayed? {:css=>"#username"}
exists? '{:css=>"#username"}'
wait for page to be loaded
]]></system-out>
    </testcase>

   <testcase classname="/Users/samwoods/puppet_repos/pe-console-ui/acceptance/tests/nm/ui" name="PE_9385_Add_pagination_widget_to_Node_Inventory_screen.rb" time="0.001197">
      <skip type="skip"/>
      <system-out><![CDATA[
Skipping: this test because it takes 45+ minutes to execute.
]]></system-out>
    </testcase>

   <testcase classname="/Users/aloneinthewoods/puppet_repos/pe-console-ui/acceptance/tests/nm/ui" name="PE_420_Add_pagination_widget_to_pending.rb" time="0.001345">
      <skip type="pending"/>
      <system-out><![CDATA[
Pending: this test because we need it to test the teefs
]]></system-out>
    </testcase>


 </testsuite>


</testsuites>
